V1.0/Android/BottleJump/proguard/seeds.txt
com.cetdhwani.BuildConfig
com.cetdhwani.BuildConfig: boolean DEBUG
com.cetdhwani.BuildConfig: BuildConfig()
com.cetdhwani.R
com.cetdhwani.R: R()
com.cetdhwani.R$anim
com.cetdhwani.R$anim: int abc_fade_in
com.cetdhwani.R$anim: int abc_fade_out
com.cetdhwani.R$anim: int abc_slide_in_bottom
com.cetdhwani.R$anim: int abc_slide_in_top
com.cetdhwani.R$anim: int abc_slide_out_bottom
com.cetdhwani.R$anim: int abc_slide_out_top
com.cetdhwani.R$anim: int move_up
com.cetdhwani.R$anim: int playeranimate
com.cetdhwani.R$anim: int slide_in_from_left
com.cetdhwani.R$anim: int slide_in_from_right
com.cetdhwani.R$anim: int slide_out_to_left
com.cetdhwani.R$anim: int slide_out_to_right
com.cetdhwani.R$anim: R$anim()
com.cetdhwani.R$attr
com.cetdhwani.R$attr: int actionBarDivider
com.cetdhwani.R$attr: int actionBarItemBackground
com.cetdhwani.R$attr: int actionBarSize
com.cetdhwani.R$attr: int actionBarSplitStyle
com.cetdhwani.R$attr: int actionBarStyle
com.cetdhwani.R$attr: int actionBarTabBarStyle
com.cetdhwani.R$attr: int actionBarTabStyle
com.cetdhwani.R$attr: int actionBarTabTextStyle
com.cetdhwani.R$attr: int actionBarWidgetTheme
com.cetdhwani.R$attr: int actionButtonStyle
com.cetdhwani.R$attr: int actionDropDownStyle
com.cetdhwani.R$attr: int actionLayout
com.cetdhwani.R$attr: int actionMenuTextAppearance
com.cetdhwani.R$attr: int actionMenuTextColor
com.cetdhwani.R$attr: int actionModeBackground
com.cetdhwani.R$attr: int actionModeCloseButtonStyle
com.cetdhwani.R$attr: int actionModeCloseDrawable
com.cetdhwani.R$attr: int actionModeCopyDrawable
com.cetdhwani.R$attr: int actionModeCutDrawable
com.cetdhwani.R$attr: int actionModeFindDrawable
com.cetdhwani.R$attr: int actionModePasteDrawable
com.cetdhwani.R$attr: int actionModePopupWindowStyle
com.cetdhwani.R$attr: int actionModeSelectAllDrawable
com.cetdhwani.R$attr: int actionModeShareDrawable
com.cetdhwani.R$attr: int actionModeSplitBackground
com.cetdhwani.R$attr: int actionModeStyle
com.cetdhwani.R$attr: int actionModeWebSearchDrawable
com.cetdhwani.R$attr: int actionOverflowButtonStyle
com.cetdhwani.R$attr: int actionProviderClass
com.cetdhwani.R$attr: int actionViewClass
com.cetdhwani.R$attr: int activityChooserViewStyle
com.cetdhwani.R$bool
com.cetdhwani.R$bool: int abc_action_bar_embed_tabs_pre_jb
com.cetdhwani.R$bool: int abc_action_bar_expanded_action_views_exclusive
com.cetdhwani.R$bool: int abc_config_actionMenuItemAllCaps
com.cetdhwani.R$bool: int abc_config_allowActionMenuItemTextWithIcon
com.cetdhwani.R$bool: int abc_config_showMenuShortcutsWhenKeyboardPresent
com.cetdhwani.R$bool: int abc_split_action_bar_is_narrow
com.cetdhwani.R$bool: R$bool()
...
android.support.v7.internal.view.menu.BaseMenuPresenter
android.support.v7.internal.view.menu.BaseMenuPresenter: android.content.Context mSystemContext
android.support.v7.internal.view.menu.BaseMenuPresenter: android.content.Context mContext
android.support.v7.internal.view.menu.BaseMenuPresenter: android.support.v7.internal.view.menu.MenuBuilder mMenu
android.support.v7.internal.view.menu.BaseMenuPresenter: android.view.LayoutInflater mSystemInflater
android.support.v7.internal.view.menu.BaseMenuPresenter: android.view.LayoutInflater mInflater
android.support.v7.internal.view.menu.BaseMenuPresenter: android.support.v7.internal.view.menu.MenuPresenter$Callback mCallback
android.support.v7.internal.view.menu.BaseMenuPresenter: int mMenuLayoutRes
android.support.v7.internal.view.menu.BaseMenuPresenter: int mItemLayoutRes
android.support.v7.internal.view.menu.BaseMenuPresenter: android.support.v7.internal.view.menu.MenuView mMenuView
android.support.v7.internal.view.menu.BaseMenuPresenter: int mId
android.support.v7.internal.view.menu.BaseMenuPresenter: BaseMenuPresenter(android.content.Context,int,int)
android.support.v7.internal.view.menu.BaseMenuPresenter: void initForMenu(android.content.Context,android.support.v7.internal.view.menu.MenuBuilder)
android.support.v7.internal.view.menu.BaseMenuPresenter: android.support.v7.internal.view.menu.MenuView getMenuView(android.view.ViewGroup)
android.support.v7.internal.view.menu.BaseMenuPresenter: void updateMenuView(boolean)
android.support.v7.internal.view.menu.BaseMenuWrapper
android.support.v7.internal.view.menu.BaseMenuWrapper: java.util.HashMap mMenuItems
android.support.v7.internal.view.menu.BaseMenuWrapper: java.util.HashMap mSubMenus
android.support.v7.internal.view.menu.BaseMenuWrapper: BaseMenuWrapper(java.lang.Object)
android.support.v7.internal.view.menu.BaseMenuWrapper: android.support.v4.internal.view.SupportMenuItem getMenuItemWrapper(android.view.MenuItem)
android.support.v7.internal.view.menu.BaseMenuWrapper: android.view.SubMenu getSubMenuWrapper(android.view.SubMenu)
android.support.v7.internal.view.menu.BaseMenuWrapper: void internalClear()
android.support.v7.internal.view.menu.BaseMenuWrapper: void internalRemoveGroup(int)
android.support.v7.internal.view.menu.BaseMenuWrapper: void internalRemoveItem(int)
android.support.v7.internal.view.menu.BaseWrapper
android.support.v7.internal.view.menu.BaseWrapper: java.lang.Object mWrappedObject
android.support.v7.internal.view.menu.BaseWrapper: BaseWrapper(java.lang.Object)
android.support.v7.internal.view.menu.BaseWrapper: java.lang.Object getWrappedObject()
android.support.v7.internal.view.menu.ExpandedMenuView
android.support.v7.internal.view.menu.ExpandedMenuView: android.support.v7.internal.view.menu.MenuBuilder mMenu
android.support.v7.internal.view.menu.ExpandedMenuView: int mAnimations
android.support.v7.internal.view.menu.ExpandedMenuView: ExpandedMenuView(android.content.Context,android.util.AttributeSet)
android.support.v7.internal.view.menu.ExpandedMenuView: void initialize(android.support.v7.internal.view.menu.MenuBuilder)
android.support.v7.internal.view.menu.ExpandedMenuView: void onDetachedFromWindow()
android.support.v7.internal.view.menu.ExpandedMenuView: boolean invokeItem(android.support.v7.internal.view.menu.MenuItemImpl)
android.support.v7.internal.view.menu.ExpandedMenuView: void onItemClick(android.widget.AdapterView,android.view.View,int,long)
android.support.v7.internal.view.menu.ExpandedMenuView: int getWindowAnimations()