V1.0/Android/BottleJump/proguard/mapping.txt
com.cetdhwani.BuildConfig -> com.cetdhwani.BuildConfig:
    boolean DEBUG -> DEBUG
com.cetdhwani.R -> com.cetdhwani.R:
com.cetdhwani.R$anim -> com.cetdhwani.R$anim:
    int abc_fade_in -> abc_fade_in
    int abc_fade_out -> abc_fade_out
    int abc_slide_in_bottom -> abc_slide_in_bottom
    int abc_slide_in_top -> abc_slide_in_top
    int abc_slide_out_bottom -> abc_slide_out_bottom
    int abc_slide_out_top -> abc_slide_out_top
    int move_up -> move_up
    int playeranimate -> playeranimate
    int slide_in_from_left -> slide_in_from_left
    int slide_in_from_right -> slide_in_from_right
    int slide_out_to_left -> slide_out_to_left
    int slide_out_to_right -> slide_out_to_right
com.cetdhwani.R$attr -> com.cetdhwani.R$attr:
    int actionBarDivider -> actionBarDivider
    int actionBarItemBackground -> actionBarItemBackground
    int actionBarSize -> actionBarSize
    int actionBarSplitStyle -> actionBarSplitStyle
    int actionBarStyle -> actionBarStyle
    int actionBarTabBarStyle -> actionBarTabBarStyle
    int actionBarTabStyle -> actionBarTabStyle
    int actionBarTabTextStyle -> actionBarTabTextStyle
    int actionBarWidgetTheme -> actionBarWidgetTheme
    int actionButtonStyle -> actionButtonStyle
    int actionDropDownStyle -> actionDropDownStyle
    int actionLayout -> actionLayout
    int actionMenuTextAppearance -> actionMenuTextAppearance
    int actionMenuTextColor -> actionMenuTextColor
    int actionModeBackground -> actionModeBackground
    int actionModeCloseButtonStyle -> actionModeCloseButtonStyle
    int actionModeCloseDrawable -> actionModeCloseDrawable
    int actionModeCopyDrawable -> actionModeCopyDrawable
    int actionModeCutDrawable -> actionModeCutDrawable
    int actionModeFindDrawable -> actionModeFindDrawable
    int actionModePasteDrawable -> actionModePasteDrawable
    int actionModePopupWindowStyle -> actionModePopupWindowStyle
    int actionModeSelectAllDrawable -> actionModeSelectAllDrawable
    int actionModeShareDrawable -> actionModeShareDrawable
    int actionModeSplitBackground -> actionModeSplitBackground
    int actionModeStyle -> actionModeStyle
com.cetdhwani.R$bool -> com.cetdhwani.R$bool:
    int abc_action_bar_embed_tabs_pre_jb -> abc_action_bar_embed_tabs_pre_jb
    int abc_action_bar_expanded_action_views_exclusive -> abc_action_bar_expanded_action_views_exclusive
    int abc_config_actionMenuItemAllCaps -> abc_config_actionMenuItemAllCaps
    int abc_config_allowActionMenuItemTextWithIcon -> abc_config_allowActionMenuItemTextWithIcon
    int abc_config_showMenuShortcutsWhenKeyboardPresent -> abc_config_showMenuShortcutsWhenKeyboardPresent
    int abc_split_action_bar_is_narrow -> abc_split_action_bar_is_narrow
...
org.andengine.engine.handler.runnable.RunnableHandler -> org.andengine.engine.handler.runnable.RunnableHandler:
    java.util.ArrayList mRunnables -> mRunnables
    void onUpdate(float) -> onUpdate
    void reset() -> reset
    void postRunnable(java.lang.Runnable) -> postRunnable
org.andengine.engine.handler.timer.ITimerCallback -> org.andengine.engine.handler.timer.ITimerCallback:
    void onTimePassed(org.andengine.engine.handler.timer.TimerHandler) -> onTimePassed
org.andengine.engine.handler.timer.TimerHandler -> org.andengine.engine.handler.timer.TimerHandler:
    float mTimerSeconds -> mTimerSeconds
    float mTimerSecondsElapsed -> mTimerSecondsElapsed
    boolean mTimerCallbackTriggered -> mTimerCallbackTriggered
    org.andengine.engine.handler.timer.ITimerCallback mTimerCallback -> mTimerCallback
    boolean mAutoReset -> mAutoReset
    boolean isAutoReset() -> isAutoReset
    void setAutoReset(boolean) -> setAutoReset
    void setTimerSeconds(float) -> setTimerSeconds
    float getTimerSeconds() -> getTimerSeconds
    float getTimerSecondsElapsed() -> getTimerSecondsElapsed
    boolean isTimerCallbackTriggered() -> isTimerCallbackTriggered
    void setTimerCallbackTriggered(boolean) -> setTimerCallbackTriggered
    void onUpdate(float) -> onUpdate
    void reset() -> reset
org.andengine.engine.options.AudioOptions -> org.andengine.engine.options.AudioOptions:
    org.andengine.engine.options.SoundOptions mSoundOptions -> mSoundOptions
    org.andengine.engine.options.MusicOptions mMusicOptions -> mMusicOptions
    org.andengine.engine.options.SoundOptions getSoundOptions() -> getSoundOptions
    org.andengine.engine.options.MusicOptions getMusicOptions() -> getMusicOptions
    boolean needsSound() -> needsSound
    org.andengine.engine.options.AudioOptions setNeedsSound(boolean) -> setNeedsSound
    boolean needsMusic() -> needsMusic
    org.andengine.engine.options.AudioOptions setNeedsMusic(boolean) -> setNeedsMusic
org.andengine.engine.options.EngineOptions -> org.andengine.engine.options.EngineOptions:
    org.andengine.engine.Engine$EngineLock mEngineLock -> mEngineLock
    boolean mFullscreen -> mFullscreen
    org.andengine.engine.options.ScreenOrientation mScreenOrientation -> mScreenOrientation
    org.andengine.engine.options.resolutionpolicy.IResolutionPolicy mResolutionPolicy -> mResolutionPolicy
    org.andengine.engine.camera.Camera mCamera -> mCamera
    org.andengine.engine.options.TouchOptions mTouchOptions -> mTouchOptions
    org.andengine.engine.options.AudioOptions mAudioOptions -> mAudioOptions
    org.andengine.engine.options.RenderOptions mRenderOptions -> mRenderOptions
    org.andengine.engine.options.WakeLockOptions mWakeLockOptions -> mWakeLockOptions
    org.andengine.engine.Engine$UpdateThread mUpdateThread -> mUpdateThread
    int mUpdateThreadPriority -> mUpdateThreadPriority
    boolean hasEngineLock() -> hasEngineLock
    org.andengine.engine.Engine$EngineLock getEngineLock() -> getEngineLock
    void setEngineLock(org.andengine.engine.Engine$EngineLock) -> setEngineLock
    org.andengine.engine.options.TouchOptions getTouchOptions() -> getTouchOptions
    org.andengine.engine.options.AudioOptions getAudioOptions() -> getAudioOptions
    org.andengine.engine.options.RenderOptions getRenderOptions() -> getRenderOptions
    boolean isFullscreen() -> isFullscreen
org.andengine.engine.options.MusicOptions -> org.andengine.engine.options.MusicOptions:
    boolean mNeedsMusic -> mNeedsMusic
    boolean needsMusic() -> needsMusic
    org.andengine.engine.options.MusicOptions setNeedsMusic(boolean) -> setNeedsMusic
org.andengine.engine.options.RenderOptions -> org.andengine.engine.options.RenderOptions:
    boolean mMultiSampling -> mMultiSampling
    boolean mDithering -> mDithering
    boolean isMultiSampling() -> isMultiSampling
    void setMultiSampling(boolean) -> setMultiSampling
    boolean isDithering() -> isDithering
    void setDithering(boolean) -> setDithering