V1.0/Android/BottleJump/proguard/usage.txt
com.cetdhwani.bottlejump.Leader:
    11:16:public Leader(java.lang.String,java.lang.String,java.lang.String,java.lang.String)
com.cetdhwani.bottlejump.Localstore:
    53:55:public boolean getVibrationVal()
    64:66:public void toggleVib()
    83:88:public void clrstore()
    105:113:org.json.JSONObject score()
com.cetdhwani.bottlejump.MyAdapter:
    84:87:void received(java.util.List)
com.cetdhwani.bottlejump.SendData:
    private android.app.ProgressDialog pDialog